<?xml version="1.0" encoding="UTF-8"?>
<!-- Generated by org.testng.reporters.JUnitReportReporter -->
<testsuite hostname="DESKTOP-9Q6P8UI" failures="0" tests="1" name="pratice.itedge.logintest" time="4.356" errors="0" timestamp="2022-12-07T23:59:09 EST" skipped="0">
  <testcase classname="pratice.itedge.logintest" name="test" time="4.356"/>
  <system-out/>
</testsuite> <!-- pratice.itedge.logintest -->
