<?xml version="1.0" encoding="UTF-8"?>
<!-- Generated by org.testng.reporters.JUnitReportReporter -->
<testsuite hostname="Azizs-MBP.ht.home" failures="0" tests="1" name="pratice.itedge.LoginTest" time="4.454" errors="0" timestamp="2022-12-08T14:25:11 EST" skipped="0">
  <testcase classname="pratice.itedge.LoginTest" name="test" time="4.454"/>
  <system-out/>
</testsuite> <!-- pratice.itedge.LoginTest -->
